2021-02-18 20:00:54,742 [Worker-5: Loading available Gradle versions] INFO  o.e.b.c.i.u.g.PublishedGradleVersions - Gradle version information cache is up-to-date. Trying to read.
2021-02-18 20:02:57,804 [Worker-10: Creating project "Camel-aplication"] INFO  o.e.m.c.i.l.LifecycleMappingFactory - Using org.eclipse.m2e.jdt.JarLifecycleMapping lifecycle mapping for MavenProject: TimJanssen:Camel-aplication:0.0.1-SNAPSHOT @ D:\Coding\JavaCamel\Camel-aplication\pom.xml.
2021-02-18 20:02:59,097 [Worker-10: Creating project "Camel-aplication"] INFO  o.e.m.j.i.AbstractJavaProjectConfigurator - Adding source folder /Camel-aplication/src/main/java
2021-02-18 20:02:59,098 [Worker-10: Creating project "Camel-aplication"] INFO  o.e.m.j.i.AbstractJavaProjectConfigurator - Adding resource folder /Camel-aplication/src/main/resources
2021-02-18 20:02:59,099 [Worker-10: Creating project "Camel-aplication"] INFO  o.e.m.j.i.AbstractJavaProjectConfigurator - Adding source folder /Camel-aplication/src/test/java
2021-02-18 20:02:59,099 [Worker-10: Creating project "Camel-aplication"] INFO  o.e.m.j.i.AbstractJavaProjectConfigurator - Adding resource folder /Camel-aplication/src/test/resources
2021-02-18 20:03:00,505 [Worker-2: Building] WARN  o.e.m.c.i.embedder.EclipseLogger - Using platform encoding (Cp1252 actually) to copy filtered resources, i.e. build is platform dependent!
2021-02-18 20:03:00,515 [Worker-2: Building] INFO  o.e.m.c.i.embedder.EclipseLogger - Copying 0 resource
2021-02-18 20:03:00,516 [Worker-2: Building] WARN  o.e.m.c.i.embedder.EclipseLogger - Using platform encoding (Cp1252 actually) to copy filtered resources, i.e. build is platform dependent!
2021-02-18 20:03:00,527 [Worker-2: Building] INFO  o.e.m.c.i.embedder.EclipseLogger - Copying 0 resource
2021-02-18 20:06:18,442 [Worker-32: Building] WARN  o.e.m.c.i.embedder.EclipseLogger - Using platform encoding (Cp1252 actually) to copy filtered resources, i.e. build is platform dependent!
2021-02-18 20:06:18,450 [Worker-32: Building] INFO  o.e.m.c.i.embedder.EclipseLogger - Copying 0 resource
2021-02-18 20:06:18,451 [Worker-32: Building] WARN  o.e.m.c.i.embedder.EclipseLogger - Using platform encoding (Cp1252 actually) to copy filtered resources, i.e. build is platform dependent!
2021-02-18 20:06:18,456 [Worker-32: Building] INFO  o.e.m.c.i.embedder.EclipseLogger - Copying 0 resource
2021-02-18 20:10:20,399 [Worker-36: Building] INFO  o.e.m.c.i.l.LifecycleMappingFactory - Using org.eclipse.m2e.jdt.JarLifecycleMapping lifecycle mapping for MavenProject: TimJanssen:Camel-aplication:0.0.1-SNAPSHOT @ D:\Coding\JavaCamel\Camel-aplication\pom.xml.
2021-02-18 20:10:21,009 [Worker-36: Building] WARN  o.e.m.c.i.embedder.EclipseLogger - Using platform encoding (Cp1252 actually) to copy filtered resources, i.e. build is platform dependent!
2021-02-18 20:10:21,015 [Worker-36: Building] INFO  o.e.m.c.i.embedder.EclipseLogger - Copying 0 resource
2021-02-18 20:10:21,016 [Worker-36: Building] WARN  o.e.m.c.i.embedder.EclipseLogger - Using platform encoding (Cp1252 actually) to copy filtered resources, i.e. build is platform dependent!
2021-02-18 20:10:21,021 [Worker-36: Building] INFO  o.e.m.c.i.embedder.EclipseLogger - Copying 0 resource
2021-02-20 08:20:55,681 [Worker-6: Loading available Gradle versions] INFO  o.e.b.c.i.u.g.PublishedGradleVersions - Gradle version information cache is out-of-date. Trying to update.
2021-02-20 08:27:40,837 [Worker-29: Building] WARN  o.e.m.c.i.embedder.EclipseLogger - Using platform encoding (Cp1252 actually) to copy filtered resources, i.e. build is platform dependent!
2021-02-20 08:27:40,849 [Worker-29: Building] INFO  o.e.m.c.i.embedder.EclipseLogger - Copying 0 resource
2021-02-20 08:27:40,851 [Worker-29: Building] WARN  o.e.m.c.i.embedder.EclipseLogger - Using platform encoding (Cp1252 actually) to copy filtered resources, i.e. build is platform dependent!
2021-02-20 08:27:40,856 [Worker-29: Building] INFO  o.e.m.c.i.embedder.EclipseLogger - Copying 0 resource
2021-02-20 08:27:42,499 [Worker-14: Building] WARN  o.e.m.c.i.embedder.EclipseLogger - Using platform encoding (Cp1252 actually) to copy filtered resources, i.e. build is platform dependent!
2021-02-20 08:27:42,508 [Worker-14: Building] INFO  o.e.m.c.i.embedder.EclipseLogger - Copying 0 resource
2021-02-20 08:27:42,509 [Worker-14: Building] WARN  o.e.m.c.i.embedder.EclipseLogger - Using platform encoding (Cp1252 actually) to copy filtered resources, i.e. build is platform dependent!
2021-02-20 08:27:42,514 [Worker-14: Building] INFO  o.e.m.c.i.embedder.EclipseLogger - Copying 0 resource
2021-02-20 08:28:31,555 [Worker-29: Building] WARN  o.e.m.c.i.embedder.EclipseLogger - Using platform encoding (Cp1252 actually) to copy filtered resources, i.e. build is platform dependent!
2021-02-20 08:28:31,562 [Worker-29: Building] INFO  o.e.m.c.i.embedder.EclipseLogger - Copying 0 resource
2021-02-20 08:28:31,563 [Worker-29: Building] WARN  o.e.m.c.i.embedder.EclipseLogger - Using platform encoding (Cp1252 actually) to copy filtered resources, i.e. build is platform dependent!
2021-02-20 08:28:31,569 [Worker-29: Building] INFO  o.e.m.c.i.embedder.EclipseLogger - Copying 0 resource
2021-02-20 08:29:22,999 [Worker-14: Building] WARN  o.e.m.c.i.embedder.EclipseLogger - Using platform encoding (Cp1252 actually) to copy filtered resources, i.e. build is platform dependent!
2021-02-20 08:29:23,005 [Worker-14: Building] INFO  o.e.m.c.i.embedder.EclipseLogger - Copying 0 resource
2021-02-20 08:29:23,006 [Worker-14: Building] WARN  o.e.m.c.i.embedder.EclipseLogger - Using platform encoding (Cp1252 actually) to copy filtered resources, i.e. build is platform dependent!
2021-02-20 08:29:23,013 [Worker-14: Building] INFO  o.e.m.c.i.embedder.EclipseLogger - Copying 0 resource
2021-02-20 08:32:23,254 [Worker-14: Building] WARN  o.e.m.c.i.embedder.EclipseLogger - Using platform encoding (Cp1252 actually) to copy filtered resources, i.e. build is platform dependent!
2021-02-20 08:32:23,260 [Worker-14: Building] INFO  o.e.m.c.i.embedder.EclipseLogger - Copying 0 resource
2021-02-20 08:32:23,261 [Worker-14: Building] WARN  o.e.m.c.i.embedder.EclipseLogger - Using platform encoding (Cp1252 actually) to copy filtered resources, i.e. build is platform dependent!
2021-02-20 08:32:23,267 [Worker-14: Building] INFO  o.e.m.c.i.embedder.EclipseLogger - Copying 0 resource
2021-02-20 08:42:01,629 [Worker-38: Launching HelloWorld] INFO  o.e.m.c.i.l.LifecycleMappingFactory - Using org.eclipse.m2e.jdt.JarLifecycleMapping lifecycle mapping for MavenProject: TimJanssen:Camel-aplication:0.0.1-SNAPSHOT @ D:\Coding\JavaCamel\Camel-aplication\pom.xml.
2021-02-20 08:42:02,199 [Worker-38: Launching HelloWorld] WARN  o.e.m.c.i.embedder.EclipseLogger - Using platform encoding (Cp1252 actually) to copy filtered resources, i.e. build is platform dependent!
2021-02-20 08:42:02,206 [Worker-38: Launching HelloWorld] INFO  o.e.m.c.i.embedder.EclipseLogger - Copying 0 resource
2021-02-20 08:42:02,207 [Worker-38: Launching HelloWorld] WARN  o.e.m.c.i.embedder.EclipseLogger - Using platform encoding (Cp1252 actually) to copy filtered resources, i.e. build is platform dependent!
2021-02-20 08:42:02,212 [Worker-38: Launching HelloWorld] INFO  o.e.m.c.i.embedder.EclipseLogger - Copying 0 resource
2021-02-20 08:42:03,405 [Worker-37: Download sources and javadoc] INFO  o.e.m.c.i.e.AbstractTransferListenerAdapter - Downloaded https://repo.maven.apache.org/maven2/org/apache/camel/camel-core/3.8.0/camel-core-3.8.0-sources.jar
2021-02-20 08:42:03,419 [Worker-37: Download sources and javadoc] ERROR o.e.m.j.internal.DownloadSourcesJob - Could not download sources for org.apache.camel:camel-core:3.8.0
org.eclipse.core.runtime.CoreException: Could not resolve artifact org.apache.camel:camel-core:jar:sources:3.8.0
	at org.eclipse.m2e.core.internal.embedder.MavenImpl.lambda$4(MavenImpl.java:804)
	at org.eclipse.m2e.core.internal.embedder.MavenExecutionContext.executeBare(MavenExecutionContext.java:179)
	at org.eclipse.m2e.core.internal.embedder.MavenExecutionContext.execute(MavenExecutionContext.java:114)
	at org.eclipse.m2e.core.internal.embedder.MavenExecutionContext.execute(MavenExecutionContext.java:101)
	at org.eclipse.m2e.core.internal.embedder.MavenImpl.resolve(MavenImpl.java:772)
	at org.eclipse.m2e.core.internal.embedder.MavenImpl.resolve(MavenImpl.java:749)
	at org.eclipse.m2e.jdt.internal.DownloadSourcesJob.download(DownloadSourcesJob.java:330)
	at org.eclipse.m2e.jdt.internal.DownloadSourcesJob.downloadAttachments(DownloadSourcesJob.java:304)
	at org.eclipse.m2e.jdt.internal.DownloadSourcesJob.downloadMaven(DownloadSourcesJob.java:269)
	at org.eclipse.m2e.jdt.internal.DownloadSourcesJob.downloadFilesAndPopulateToUpdate(DownloadSourcesJob.java:233)
	at org.eclipse.m2e.jdt.internal.DownloadSourcesJob.lambda$0(DownloadSourcesJob.java:161)
	at org.eclipse.m2e.core.internal.embedder.MavenExecutionContext.executeBare(MavenExecutionContext.java:179)
	at org.eclipse.m2e.core.internal.embedder.MavenExecutionContext.execute(MavenExecutionContext.java:153)
	at org.eclipse.m2e.core.internal.embedder.MavenExecutionContext.execute(MavenExecutionContext.java:101)
	at org.eclipse.m2e.core.internal.embedder.MavenImpl.execute(MavenImpl.java:1374)
	at org.eclipse.m2e.jdt.internal.DownloadSourcesJob.run(DownloadSourcesJob.java:161)
	at org.eclipse.core.internal.jobs.Worker.run(Worker.java:63)
2021-02-20 08:42:03,536 [Worker-37: Download sources and javadoc] INFO  o.e.m.c.i.e.AbstractTransferListenerAdapter - Downloading https://repo.maven.apache.org/maven2/org/apache/camel/camel-core-engine/3.8.0/camel-core-engine-3.8.0-sources.jar
2021-02-20 08:42:03,637 [Worker-37: Download sources and javadoc] INFO  o.e.m.c.i.e.AbstractTransferListenerAdapter - Downloaded https://repo.maven.apache.org/maven2/org/apache/camel/camel-core-engine/3.8.0/camel-core-engine-3.8.0-sources.jar
2021-02-20 08:42:03,829 [Worker-37: Download sources and javadoc] INFO  o.e.m.j.internal.DownloadSourcesJob - Downloaded sources for org.apache.camel:camel-core-engine:3.8.0
2021-02-20 08:42:03,944 [Worker-37: Download sources and javadoc] INFO  o.e.m.c.i.e.AbstractTransferListenerAdapter - Downloading https://repo.maven.apache.org/maven2/org/apache/camel/camel-api/3.8.0/camel-api-3.8.0-sources.jar
2021-02-20 08:42:04,042 [Worker-37: Download sources and javadoc] INFO  o.e.m.c.i.e.AbstractTransferListenerAdapter - Downloaded https://repo.maven.apache.org/maven2/org/apache/camel/camel-api/3.8.0/camel-api-3.8.0-sources.jar
2021-02-20 08:42:04,109 [Worker-37: Download sources and javadoc] INFO  o.e.m.j.internal.DownloadSourcesJob - Downloaded sources for org.apache.camel:camel-api:3.8.0
2021-02-20 08:42:04,213 [Worker-37: Download sources and javadoc] INFO  o.e.m.c.i.e.AbstractTransferListenerAdapter - Downloading https://repo.maven.apache.org/maven2/org/apache/camel/camel-base-engine/3.8.0/camel-base-engine-3.8.0-sources.jar
2021-02-20 08:42:04,275 [Worker-37: Download sources and javadoc] INFO  o.e.m.c.i.e.AbstractTransferListenerAdapter - Downloaded https://repo.maven.apache.org/maven2/org/apache/camel/camel-base-engine/3.8.0/camel-base-engine-3.8.0-sources.jar
2021-02-20 08:42:04,341 [Worker-37: Download sources and javadoc] INFO  o.e.m.j.internal.DownloadSourcesJob - Downloaded sources for org.apache.camel:camel-base-engine:3.8.0
2021-02-20 08:42:04,450 [Worker-37: Download sources and javadoc] INFO  o.e.m.c.i.e.AbstractTransferListenerAdapter - Downloading https://repo.maven.apache.org/maven2/org/apache/camel/camel-base/3.8.0/camel-base-3.8.0-sources.jar
2021-02-20 08:42:04,502 [Worker-37: Download sources and javadoc] INFO  o.e.m.c.i.e.AbstractTransferListenerAdapter - Downloaded https://repo.maven.apache.org/maven2/org/apache/camel/camel-base/3.8.0/camel-base-3.8.0-sources.jar
2021-02-20 08:42:04,560 [Worker-37: Download sources and javadoc] INFO  o.e.m.j.internal.DownloadSourcesJob - Downloaded sources for org.apache.camel:camel-base:3.8.0
2021-02-20 08:42:04,672 [Worker-37: Download sources and javadoc] INFO  o.e.m.c.i.e.AbstractTransferListenerAdapter - Downloading https://repo.maven.apache.org/maven2/org/apache/camel/camel-core-reifier/3.8.0/camel-core-reifier-3.8.0-sources.jar
2021-02-20 08:42:04,749 [Worker-37: Download sources and javadoc] INFO  o.e.m.c.i.e.AbstractTransferListenerAdapter - Downloaded https://repo.maven.apache.org/maven2/org/apache/camel/camel-core-reifier/3.8.0/camel-core-reifier-3.8.0-sources.jar
2021-02-20 08:42:04,884 [Worker-37: Download sources and javadoc] INFO  o.e.m.j.internal.DownloadSourcesJob - Downloaded sources for org.apache.camel:camel-core-reifier:3.8.0
2021-02-20 08:42:05,058 [Worker-37: Download sources and javadoc] INFO  o.e.m.c.i.e.AbstractTransferListenerAdapter - Downloading https://repo.maven.apache.org/maven2/org/apache/camel/camel-core-processor/3.8.0/camel-core-processor-3.8.0-sources.jar
2021-02-20 08:42:05,146 [Worker-37: Download sources and javadoc] INFO  o.e.m.c.i.e.AbstractTransferListenerAdapter - Downloaded https://repo.maven.apache.org/maven2/org/apache/camel/camel-core-processor/3.8.0/camel-core-processor-3.8.0-sources.jar
2021-02-20 08:42:05,244 [Worker-37: Download sources and javadoc] INFO  o.e.m.j.internal.DownloadSourcesJob - Downloaded sources for org.apache.camel:camel-core-processor:3.8.0
2021-02-20 08:42:05,371 [Worker-37: Download sources and javadoc] INFO  o.e.m.c.i.e.AbstractTransferListenerAdapter - Downloading https://repo.maven.apache.org/maven2/org/apache/camel/camel-management-api/3.8.0/camel-management-api-3.8.0-sources.jar
2021-02-20 08:42:05,448 [Worker-37: Download sources and javadoc] INFO  o.e.m.c.i.e.AbstractTransferListenerAdapter - Downloaded https://repo.maven.apache.org/maven2/org/apache/camel/camel-management-api/3.8.0/camel-management-api-3.8.0-sources.jar
2021-02-20 08:42:05,560 [Worker-37: Download sources and javadoc] INFO  o.e.m.j.internal.DownloadSourcesJob - Downloaded sources for org.apache.camel:camel-management-api:3.8.0
2021-02-20 08:42:05,671 [Worker-37: Download sources and javadoc] INFO  o.e.m.c.i.e.AbstractTransferListenerAdapter - Downloading https://repo.maven.apache.org/maven2/org/apache/camel/camel-support/3.8.0/camel-support-3.8.0-sources.jar
2021-02-20 08:42:05,775 [Worker-37: Download sources and javadoc] INFO  o.e.m.c.i.e.AbstractTransferListenerAdapter - Downloaded https://repo.maven.apache.org/maven2/org/apache/camel/camel-support/3.8.0/camel-support-3.8.0-sources.jar
2021-02-20 08:42:05,825 [Worker-37: Download sources and javadoc] INFO  o.e.m.j.internal.DownloadSourcesJob - Downloaded sources for org.apache.camel:camel-support:3.8.0
2021-02-20 08:42:05,933 [Worker-37: Download sources and javadoc] INFO  o.e.m.c.i.e.AbstractTransferListenerAdapter - Downloading https://repo.maven.apache.org/maven2/org/apache/camel/camel-util/3.8.0/camel-util-3.8.0-sources.jar
2021-02-20 08:42:06,005 [Worker-37: Download sources and javadoc] INFO  o.e.m.c.i.e.AbstractTransferListenerAdapter - Downloaded https://repo.maven.apache.org/maven2/org/apache/camel/camel-util/3.8.0/camel-util-3.8.0-sources.jar
2021-02-20 08:42:06,061 [Worker-37: Download sources and javadoc] INFO  o.e.m.j.internal.DownloadSourcesJob - Downloaded sources for org.apache.camel:camel-util:3.8.0
2021-02-20 08:42:06,169 [Worker-37: Download sources and javadoc] INFO  o.e.m.c.i.e.AbstractTransferListenerAdapter - Downloading https://repo.maven.apache.org/maven2/org/apache/camel/camel-core-languages/3.8.0/camel-core-languages-3.8.0-sources.jar
2021-02-20 08:42:06,242 [Worker-37: Download sources and javadoc] INFO  o.e.m.c.i.e.AbstractTransferListenerAdapter - Downloaded https://repo.maven.apache.org/maven2/org/apache/camel/camel-core-languages/3.8.0/camel-core-languages-3.8.0-sources.jar
2021-02-20 08:42:06,331 [Worker-37: Download sources and javadoc] INFO  o.e.m.j.internal.DownloadSourcesJob - Downloaded sources for org.apache.camel:camel-core-languages:3.8.0
2021-02-20 08:42:06,447 [Worker-37: Download sources and javadoc] INFO  o.e.m.c.i.e.AbstractTransferListenerAdapter - Downloading https://repo.maven.apache.org/maven2/org/apache/camel/camel-bean/3.8.0/camel-bean-3.8.0-sources.jar
2021-02-20 08:42:06,542 [Worker-37: Download sources and javadoc] INFO  o.e.m.c.i.e.AbstractTransferListenerAdapter - Downloaded https://repo.maven.apache.org/maven2/org/apache/camel/camel-bean/3.8.0/camel-bean-3.8.0-sources.jar
2021-02-20 08:42:06,624 [Worker-37: Download sources and javadoc] INFO  o.e.m.j.internal.DownloadSourcesJob - Downloaded sources for org.apache.camel:camel-bean:3.8.0
2021-02-20 08:42:06,730 [Worker-37: Download sources and javadoc] INFO  o.e.m.c.i.e.AbstractTransferListenerAdapter - Downloading https://repo.maven.apache.org/maven2/org/apache/camel/camel-browse/3.8.0/camel-browse-3.8.0-sources.jar
2021-02-20 08:42:06,845 [Worker-37: Download sources and javadoc] INFO  o.e.m.c.i.e.AbstractTransferListenerAdapter - Downloaded https://repo.maven.apache.org/maven2/org/apache/camel/camel-browse/3.8.0/camel-browse-3.8.0-sources.jar
2021-02-20 08:42:06,949 [Worker-37: Download sources and javadoc] INFO  o.e.m.j.internal.DownloadSourcesJob - Downloaded sources for org.apache.camel:camel-browse:3.8.0
2021-02-20 08:42:07,057 [Worker-37: Download sources and javadoc] INFO  o.e.m.c.i.e.AbstractTransferListenerAdapter - Downloading https://repo.maven.apache.org/maven2/org/apache/camel/camel-cluster/3.8.0/camel-cluster-3.8.0-sources.jar
2021-02-20 08:42:07,159 [Worker-37: Download sources and javadoc] INFO  o.e.m.c.i.e.AbstractTransferListenerAdapter - Downloaded https://repo.maven.apache.org/maven2/org/apache/camel/camel-cluster/3.8.0/camel-cluster-3.8.0-sources.jar
2021-02-20 08:42:07,279 [Worker-37: Download sources and javadoc] INFO  o.e.m.j.internal.DownloadSourcesJob - Downloaded sources for org.apache.camel:camel-cluster:3.8.0
2021-02-20 08:42:07,399 [Worker-37: Download sources and javadoc] INFO  o.e.m.c.i.e.AbstractTransferListenerAdapter - Downloading https://repo.maven.apache.org/maven2/org/apache/camel/camel-core-model/3.8.0/camel-core-model-3.8.0-sources.jar
2021-02-20 08:42:07,538 [Worker-37: Download sources and javadoc] INFO  o.e.m.c.i.e.AbstractTransferListenerAdapter - Downloaded https://repo.maven.apache.org/maven2/org/apache/camel/camel-core-model/3.8.0/camel-core-model-3.8.0-sources.jar
2021-02-20 08:42:07,595 [Worker-37: Download sources and javadoc] INFO  o.e.m.j.internal.DownloadSourcesJob - Downloaded sources for org.apache.camel:camel-core-model:3.8.0
2021-02-20 08:42:07,706 [Worker-37: Download sources and javadoc] INFO  o.e.m.c.i.e.AbstractTransferListenerAdapter - Downloading https://repo.maven.apache.org/maven2/org/apache/camel/camel-controlbus/3.8.0/camel-controlbus-3.8.0-sources.jar
2021-02-20 08:42:07,830 [Worker-37: Download sources and javadoc] INFO  o.e.m.c.i.e.AbstractTransferListenerAdapter - Downloaded https://repo.maven.apache.org/maven2/org/apache/camel/camel-controlbus/3.8.0/camel-controlbus-3.8.0-sources.jar
2021-02-20 08:42:07,937 [Worker-37: Download sources and javadoc] INFO  o.e.m.j.internal.DownloadSourcesJob - Downloaded sources for org.apache.camel:camel-controlbus:3.8.0
2021-02-20 08:42:08,047 [Worker-37: Download sources and javadoc] INFO  o.e.m.c.i.e.AbstractTransferListenerAdapter - Downloading https://repo.maven.apache.org/maven2/org/apache/camel/camel-dataformat/3.8.0/camel-dataformat-3.8.0-sources.jar
2021-02-20 08:42:08,161 [Worker-37: Download sources and javadoc] INFO  o.e.m.c.i.e.AbstractTransferListenerAdapter - Downloaded https://repo.maven.apache.org/maven2/org/apache/camel/camel-dataformat/3.8.0/camel-dataformat-3.8.0-sources.jar
2021-02-20 08:42:08,301 [Worker-37: Download sources and javadoc] INFO  o.e.m.j.internal.DownloadSourcesJob - Downloaded sources for org.apache.camel:camel-dataformat:3.8.0
2021-02-20 08:42:08,407 [Worker-37: Download sources and javadoc] INFO  o.e.m.c.i.e.AbstractTransferListenerAdapter - Downloading https://repo.maven.apache.org/maven2/org/apache/camel/camel-dataset/3.8.0/camel-dataset-3.8.0-sources.jar
2021-02-20 08:42:08,576 [Worker-37: Download sources and javadoc] INFO  o.e.m.c.i.e.AbstractTransferListenerAdapter - Downloaded https://repo.maven.apache.org/maven2/org/apache/camel/camel-dataset/3.8.0/camel-dataset-3.8.0-sources.jar
2021-02-20 08:42:08,736 [Worker-37: Download sources and javadoc] INFO  o.e.m.j.internal.DownloadSourcesJob - Downloaded sources for org.apache.camel:camel-dataset:3.8.0
2021-02-20 08:42:08,842 [Worker-37: Download sources and javadoc] INFO  o.e.m.c.i.e.AbstractTransferListenerAdapter - Downloading https://repo.maven.apache.org/maven2/org/apache/camel/camel-direct/3.8.0/camel-direct-3.8.0-sources.jar
2021-02-20 08:42:08,955 [Worker-37: Download sources and javadoc] INFO  o.e.m.c.i.e.AbstractTransferListenerAdapter - Downloaded https://repo.maven.apache.org/maven2/org/apache/camel/camel-direct/3.8.0/camel-direct-3.8.0-sources.jar
2021-02-20 08:42:09,071 [Worker-37: Download sources and javadoc] INFO  o.e.m.j.internal.DownloadSourcesJob - Downloaded sources for org.apache.camel:camel-direct:3.8.0
2021-02-20 08:42:09,183 [Worker-37: Download sources and javadoc] INFO  o.e.m.c.i.e.AbstractTransferListenerAdapter - Downloading https://repo.maven.apache.org/maven2/org/apache/camel/camel-directvm/3.8.0/camel-directvm-3.8.0-sources.jar
2021-02-20 08:42:09,345 [Worker-37: Download sources and javadoc] INFO  o.e.m.c.i.e.AbstractTransferListenerAdapter - Downloaded https://repo.maven.apache.org/maven2/org/apache/camel/camel-directvm/3.8.0/camel-directvm-3.8.0-sources.jar
2021-02-20 08:42:09,472 [Worker-37: Download sources and javadoc] INFO  o.e.m.j.internal.DownloadSourcesJob - Downloaded sources for org.apache.camel:camel-directvm:3.8.0
2021-02-20 08:42:09,576 [Worker-37: Download sources and javadoc] INFO  o.e.m.c.i.e.AbstractTransferListenerAdapter - Downloading https://repo.maven.apache.org/maven2/org/apache/camel/camel-file/3.8.0/camel-file-3.8.0-sources.jar
2021-02-20 08:42:09,656 [Worker-37: Download sources and javadoc] INFO  o.e.m.c.i.e.AbstractTransferListenerAdapter - Downloaded https://repo.maven.apache.org/maven2/org/apache/camel/camel-file/3.8.0/camel-file-3.8.0-sources.jar
2021-02-20 08:42:09,747 [Worker-37: Download sources and javadoc] INFO  o.e.m.j.internal.DownloadSourcesJob - Downloaded sources for org.apache.camel:camel-file:3.8.0
2021-02-20 08:42:09,856 [Worker-37: Download sources and javadoc] INFO  o.e.m.c.i.e.AbstractTransferListenerAdapter - Downloading https://repo.maven.apache.org/maven2/org/apache/camel/camel-health/3.8.0/camel-health-3.8.0-sources.jar
2021-02-20 08:42:09,981 [Worker-37: Download sources and javadoc] INFO  o.e.m.c.i.e.AbstractTransferListenerAdapter - Downloaded https://repo.maven.apache.org/maven2/org/apache/camel/camel-health/3.8.0/camel-health-3.8.0-sources.jar
2021-02-20 08:42:10,078 [Worker-37: Download sources and javadoc] INFO  o.e.m.j.internal.DownloadSourcesJob - Downloaded sources for org.apache.camel:camel-health:3.8.0
2021-02-20 08:42:10,213 [Worker-37: Download sources and javadoc] INFO  o.e.m.c.i.e.AbstractTransferListenerAdapter - Downloading https://repo.maven.apache.org/maven2/org/apache/camel/camel-language/3.8.0/camel-language-3.8.0-sources.jar
2021-02-20 08:42:10,336 [Worker-37: Download sources and javadoc] INFO  o.e.m.c.i.e.AbstractTransferListenerAdapter - Downloaded https://repo.maven.apache.org/maven2/org/apache/camel/camel-language/3.8.0/camel-language-3.8.0-sources.jar
2021-02-20 08:42:10,439 [Worker-37: Download sources and javadoc] INFO  o.e.m.j.internal.DownloadSourcesJob - Downloaded sources for org.apache.camel:camel-language:3.8.0
2021-02-20 08:42:10,571 [Worker-37: Download sources and javadoc] INFO  o.e.m.c.i.e.AbstractTransferListenerAdapter - Downloading https://repo.maven.apache.org/maven2/org/apache/camel/camel-log/3.8.0/camel-log-3.8.0-sources.jar
2021-02-20 08:42:10,708 [Worker-37: Download sources and javadoc] INFO  o.e.m.c.i.e.AbstractTransferListenerAdapter - Downloaded https://repo.maven.apache.org/maven2/org/apache/camel/camel-log/3.8.0/camel-log-3.8.0-sources.jar
2021-02-20 08:42:10,844 [Worker-37: Download sources and javadoc] INFO  o.e.m.j.internal.DownloadSourcesJob - Downloaded sources for org.apache.camel:camel-log:3.8.0
2021-02-20 08:42:10,951 [Worker-37: Download sources and javadoc] INFO  o.e.m.c.i.e.AbstractTransferListenerAdapter - Downloading https://repo.maven.apache.org/maven2/org/apache/camel/camel-mock/3.8.0/camel-mock-3.8.0-sources.jar
2021-02-20 08:42:11,106 [Worker-37: Download sources and javadoc] INFO  o.e.m.c.i.e.AbstractTransferListenerAdapter - Downloaded https://repo.maven.apache.org/maven2/org/apache/camel/camel-mock/3.8.0/camel-mock-3.8.0-sources.jar
2021-02-20 08:42:11,241 [Worker-37: Download sources and javadoc] INFO  o.e.m.j.internal.DownloadSourcesJob - Downloaded sources for org.apache.camel:camel-mock:3.8.0
2021-02-20 08:42:11,356 [Worker-37: Download sources and javadoc] INFO  o.e.m.c.i.e.AbstractTransferListenerAdapter - Downloading https://repo.maven.apache.org/maven2/org/apache/camel/camel-ref/3.8.0/camel-ref-3.8.0-sources.jar
2021-02-20 08:42:11,461 [Worker-37: Download sources and javadoc] INFO  o.e.m.c.i.e.AbstractTransferListenerAdapter - Downloaded https://repo.maven.apache.org/maven2/org/apache/camel/camel-ref/3.8.0/camel-ref-3.8.0-sources.jar
2021-02-20 08:42:11,595 [Worker-37: Download sources and javadoc] INFO  o.e.m.j.internal.DownloadSourcesJob - Downloaded sources for org.apache.camel:camel-ref:3.8.0
2021-02-20 08:42:11,707 [Worker-37: Download sources and javadoc] INFO  o.e.m.c.i.e.AbstractTransferListenerAdapter - Downloading https://repo.maven.apache.org/maven2/org/apache/camel/camel-rest/3.8.0/camel-rest-3.8.0-sources.jar
2021-02-20 08:42:11,878 [Worker-37: Download sources and javadoc] INFO  o.e.m.c.i.e.AbstractTransferListenerAdapter - Downloaded https://repo.maven.apache.org/maven2/org/apache/camel/camel-rest/3.8.0/camel-rest-3.8.0-sources.jar
2021-02-20 08:42:12,055 [Worker-37: Download sources and javadoc] INFO  o.e.m.j.internal.DownloadSourcesJob - Downloaded sources for org.apache.camel:camel-rest:3.8.0
2021-02-20 08:42:12,164 [Worker-37: Download sources and javadoc] INFO  o.e.m.c.i.e.AbstractTransferListenerAdapter - Downloading https://repo.maven.apache.org/maven2/org/apache/camel/camel-tooling-model/3.8.0/camel-tooling-model-3.8.0-sources.jar
2021-02-20 08:42:12,323 [Worker-37: Download sources and javadoc] INFO  o.e.m.c.i.e.AbstractTransferListenerAdapter - Downloaded https://repo.maven.apache.org/maven2/org/apache/camel/camel-tooling-model/3.8.0/camel-tooling-model-3.8.0-sources.jar
2021-02-20 08:42:12,467 [Worker-37: Download sources and javadoc] INFO  o.e.m.j.internal.DownloadSourcesJob - Downloaded sources for org.apache.camel:camel-tooling-model:3.8.0
2021-02-20 08:42:12,578 [Worker-37: Download sources and javadoc] INFO  o.e.m.c.i.e.AbstractTransferListenerAdapter - Downloading https://repo.maven.apache.org/maven2/org/apache/camel/camel-util-json/3.8.0/camel-util-json-3.8.0-sources.jar
2021-02-20 08:42:12,687 [Worker-37: Download sources and javadoc] INFO  o.e.m.c.i.e.AbstractTransferListenerAdapter - Downloaded https://repo.maven.apache.org/maven2/org/apache/camel/camel-util-json/3.8.0/camel-util-json-3.8.0-sources.jar
2021-02-20 08:42:12,819 [Worker-37: Download sources and javadoc] INFO  o.e.m.j.internal.DownloadSourcesJob - Downloaded sources for org.apache.camel:camel-util-json:3.8.0
2021-02-20 08:42:12,936 [Worker-37: Download sources and javadoc] INFO  o.e.m.c.i.e.AbstractTransferListenerAdapter - Downloading https://repo.maven.apache.org/maven2/org/apache/camel/camel-saga/3.8.0/camel-saga-3.8.0-sources.jar
2021-02-20 08:42:13,052 [Worker-37: Download sources and javadoc] INFO  o.e.m.c.i.e.AbstractTransferListenerAdapter - Downloaded https://repo.maven.apache.org/maven2/org/apache/camel/camel-saga/3.8.0/camel-saga-3.8.0-sources.jar
2021-02-20 08:42:13,156 [Worker-37: Download sources and javadoc] INFO  o.e.m.j.internal.DownloadSourcesJob - Downloaded sources for org.apache.camel:camel-saga:3.8.0
2021-02-20 08:42:13,279 [Worker-37: Download sources and javadoc] INFO  o.e.m.c.i.e.AbstractTransferListenerAdapter - Downloading https://repo.maven.apache.org/maven2/org/apache/camel/camel-scheduler/3.8.0/camel-scheduler-3.8.0-sources.jar
2021-02-20 08:42:13,421 [Worker-37: Download sources and javadoc] INFO  o.e.m.c.i.e.AbstractTransferListenerAdapter - Downloaded https://repo.maven.apache.org/maven2/org/apache/camel/camel-scheduler/3.8.0/camel-scheduler-3.8.0-sources.jar
2021-02-20 08:42:13,524 [Worker-37: Download sources and javadoc] INFO  o.e.m.j.internal.DownloadSourcesJob - Downloaded sources for org.apache.camel:camel-scheduler:3.8.0
2021-02-20 08:42:13,640 [Worker-37: Download sources and javadoc] INFO  o.e.m.c.i.e.AbstractTransferListenerAdapter - Downloading https://repo.maven.apache.org/maven2/org/apache/camel/camel-seda/3.8.0/camel-seda-3.8.0-sources.jar
2021-02-20 08:42:13,824 [Worker-37: Download sources and javadoc] INFO  o.e.m.c.i.e.AbstractTransferListenerAdapter - Downloaded https://repo.maven.apache.org/maven2/org/apache/camel/camel-seda/3.8.0/camel-seda-3.8.0-sources.jar
2021-02-20 08:42:13,974 [Worker-37: Download sources and javadoc] INFO  o.e.m.j.internal.DownloadSourcesJob - Downloaded sources for org.apache.camel:camel-seda:3.8.0
2021-02-20 08:42:14,080 [Worker-37: Download sources and javadoc] INFO  o.e.m.c.i.e.AbstractTransferListenerAdapter - Downloading https://repo.maven.apache.org/maven2/org/apache/camel/camel-stub/3.8.0/camel-stub-3.8.0-sources.jar
2021-02-20 08:42:14,208 [Worker-37: Download sources and javadoc] INFO  o.e.m.c.i.e.AbstractTransferListenerAdapter - Downloaded https://repo.maven.apache.org/maven2/org/apache/camel/camel-stub/3.8.0/camel-stub-3.8.0-sources.jar
2021-02-20 08:42:14,306 [Worker-37: Download sources and javadoc] INFO  o.e.m.j.internal.DownloadSourcesJob - Downloaded sources for org.apache.camel:camel-stub:3.8.0
2021-02-20 08:42:14,420 [Worker-37: Download sources and javadoc] INFO  o.e.m.c.i.e.AbstractTransferListenerAdapter - Downloading https://repo.maven.apache.org/maven2/org/apache/camel/camel-timer/3.8.0/camel-timer-3.8.0-sources.jar
2021-02-20 08:42:14,566 [Worker-37: Download sources and javadoc] INFO  o.e.m.c.i.e.AbstractTransferListenerAdapter - Downloaded https://repo.maven.apache.org/maven2/org/apache/camel/camel-timer/3.8.0/camel-timer-3.8.0-sources.jar
2021-02-20 08:42:14,670 [Worker-37: Download sources and javadoc] INFO  o.e.m.j.internal.DownloadSourcesJob - Downloaded sources for org.apache.camel:camel-timer:3.8.0
2021-02-20 08:42:14,782 [Worker-37: Download sources and javadoc] INFO  o.e.m.c.i.e.AbstractTransferListenerAdapter - Downloading https://repo.maven.apache.org/maven2/org/apache/camel/camel-validator/3.8.0/camel-validator-3.8.0-sources.jar
2021-02-20 08:42:14,942 [Worker-37: Download sources and javadoc] INFO  o.e.m.c.i.e.AbstractTransferListenerAdapter - Downloaded https://repo.maven.apache.org/maven2/org/apache/camel/camel-validator/3.8.0/camel-validator-3.8.0-sources.jar
2021-02-20 08:42:15,093 [Worker-37: Download sources and javadoc] INFO  o.e.m.j.internal.DownloadSourcesJob - Downloaded sources for org.apache.camel:camel-validator:3.8.0
2021-02-20 08:42:15,217 [Worker-37: Download sources and javadoc] INFO  o.e.m.c.i.e.AbstractTransferListenerAdapter - Downloading https://repo.maven.apache.org/maven2/org/apache/camel/camel-vm/3.8.0/camel-vm-3.8.0-sources.jar
2021-02-20 08:42:15,326 [Worker-37: Download sources and javadoc] INFO  o.e.m.c.i.e.AbstractTransferListenerAdapter - Downloaded https://repo.maven.apache.org/maven2/org/apache/camel/camel-vm/3.8.0/camel-vm-3.8.0-sources.jar
2021-02-20 08:42:15,461 [Worker-37: Download sources and javadoc] INFO  o.e.m.j.internal.DownloadSourcesJob - Downloaded sources for org.apache.camel:camel-vm:3.8.0
2021-02-20 08:42:15,586 [Worker-37: Download sources and javadoc] INFO  o.e.m.c.i.e.AbstractTransferListenerAdapter - Downloading https://repo.maven.apache.org/maven2/org/apache/camel/camel-xpath/3.8.0/camel-xpath-3.8.0-sources.jar
2021-02-20 08:42:15,721 [Worker-37: Download sources and javadoc] INFO  o.e.m.c.i.e.AbstractTransferListenerAdapter - Downloaded https://repo.maven.apache.org/maven2/org/apache/camel/camel-xpath/3.8.0/camel-xpath-3.8.0-sources.jar
2021-02-20 08:42:15,867 [Worker-37: Download sources and javadoc] INFO  o.e.m.j.internal.DownloadSourcesJob - Downloaded sources for org.apache.camel:camel-xpath:3.8.0
2021-02-20 08:42:15,972 [Worker-37: Download sources and javadoc] INFO  o.e.m.c.i.e.AbstractTransferListenerAdapter - Downloading https://repo.maven.apache.org/maven2/org/apache/camel/camel-xslt/3.8.0/camel-xslt-3.8.0-sources.jar
2021-02-20 08:42:16,211 [Worker-37: Download sources and javadoc] INFO  o.e.m.c.i.e.AbstractTransferListenerAdapter - Downloaded https://repo.maven.apache.org/maven2/org/apache/camel/camel-xslt/3.8.0/camel-xslt-3.8.0-sources.jar
2021-02-20 08:42:16,458 [Worker-37: Download sources and javadoc] INFO  o.e.m.j.internal.DownloadSourcesJob - Downloaded sources for org.apache.camel:camel-xslt:3.8.0
2021-02-20 08:42:16,575 [Worker-37: Download sources and javadoc] INFO  o.e.m.c.i.e.AbstractTransferListenerAdapter - Downloading https://repo.maven.apache.org/maven2/org/apache/camel/camel-xml-jaxb/3.8.0/camel-xml-jaxb-3.8.0-sources.jar
2021-02-20 08:42:16,693 [Worker-37: Download sources and javadoc] INFO  o.e.m.c.i.e.AbstractTransferListenerAdapter - Downloaded https://repo.maven.apache.org/maven2/org/apache/camel/camel-xml-jaxb/3.8.0/camel-xml-jaxb-3.8.0-sources.jar
2021-02-20 08:42:16,835 [Worker-37: Download sources and javadoc] INFO  o.e.m.j.internal.DownloadSourcesJob - Downloaded sources for org.apache.camel:camel-xml-jaxb:3.8.0
2021-02-20 08:42:16,945 [Worker-37: Download sources and javadoc] INFO  o.e.m.c.i.e.AbstractTransferListenerAdapter - Downloading https://repo.maven.apache.org/maven2/jakarta/xml/bind/jakarta.xml.bind-api/2.3.3/jakarta.xml.bind-api-2.3.3-sources.jar
2021-02-20 08:42:17,027 [Worker-37: Download sources and javadoc] INFO  o.e.m.c.i.e.AbstractTransferListenerAdapter - Downloaded https://repo.maven.apache.org/maven2/jakarta/xml/bind/jakarta.xml.bind-api/2.3.3/jakarta.xml.bind-api-2.3.3-sources.jar
2021-02-20 08:42:17,168 [Worker-37: Download sources and javadoc] INFO  o.e.m.j.internal.DownloadSourcesJob - Downloaded sources for jakarta.xml.bind:jakarta.xml.bind-api:2.3.3
2021-02-20 08:42:17,282 [Worker-37: Download sources and javadoc] INFO  o.e.m.c.i.e.AbstractTransferListenerAdapter - Downloading https://repo.maven.apache.org/maven2/jakarta/activation/jakarta.activation-api/1.2.2/jakarta.activation-api-1.2.2-sources.jar
2021-02-20 08:42:17,486 [Worker-37: Download sources and javadoc] INFO  o.e.m.c.i.e.AbstractTransferListenerAdapter - Downloaded https://repo.maven.apache.org/maven2/jakarta/activation/jakarta.activation-api/1.2.2/jakarta.activation-api-1.2.2-sources.jar
2021-02-20 08:42:17,709 [Worker-37: Download sources and javadoc] INFO  o.e.m.j.internal.DownloadSourcesJob - Downloaded sources for jakarta.activation:jakarta.activation-api:1.2.2
2021-02-20 08:42:17,814 [Worker-37: Download sources and javadoc] INFO  o.e.m.c.i.e.AbstractTransferListenerAdapter - Downloading https://repo.maven.apache.org/maven2/com/sun/xml/bind/jaxb-core/2.3.0/jaxb-core-2.3.0-sources.jar
2021-02-20 08:42:17,913 [Worker-37: Download sources and javadoc] INFO  o.e.m.c.i.e.AbstractTransferListenerAdapter - Downloaded https://repo.maven.apache.org/maven2/com/sun/xml/bind/jaxb-core/2.3.0/jaxb-core-2.3.0-sources.jar
2021-02-20 08:42:18,097 [Worker-37: Download sources and javadoc] INFO  o.e.m.j.internal.DownloadSourcesJob - Downloaded sources for com.sun.xml.bind:jaxb-core:2.3.0
2021-02-20 08:42:18,213 [Worker-37: Download sources and javadoc] INFO  o.e.m.c.i.e.AbstractTransferListenerAdapter - Downloading https://repo.maven.apache.org/maven2/com/sun/xml/bind/jaxb-impl/2.3.3/jaxb-impl-2.3.3-sources.jar
2021-02-20 08:42:18,387 [Worker-37: Download sources and javadoc] INFO  o.e.m.c.i.e.AbstractTransferListenerAdapter - Downloaded https://repo.maven.apache.org/maven2/com/sun/xml/bind/jaxb-impl/2.3.3/jaxb-impl-2.3.3-sources.jar
2021-02-20 08:42:18,453 [Worker-37: Download sources and javadoc] INFO  o.e.m.j.internal.DownloadSourcesJob - Downloaded sources for com.sun.xml.bind:jaxb-impl:2.3.3
2021-02-20 08:42:18,563 [Worker-37: Download sources and javadoc] INFO  o.e.m.c.i.e.AbstractTransferListenerAdapter - Downloading https://repo.maven.apache.org/maven2/com/sun/activation/jakarta.activation/1.2.2/jakarta.activation-1.2.2-sources.jar
2021-02-20 08:42:18,619 [Worker-37: Download sources and javadoc] INFO  o.e.m.c.i.e.AbstractTransferListenerAdapter - Downloaded https://repo.maven.apache.org/maven2/com/sun/activation/jakarta.activation/1.2.2/jakarta.activation-1.2.2-sources.jar
2021-02-20 08:42:18,694 [Worker-37: Download sources and javadoc] INFO  o.e.m.j.internal.DownloadSourcesJob - Downloaded sources for com.sun.activation:jakarta.activation:1.2.2
2021-02-20 08:42:18,799 [Worker-37: Download sources and javadoc] INFO  o.e.m.c.i.e.AbstractTransferListenerAdapter - Downloading https://repo.maven.apache.org/maven2/org/apache/camel/camel-xml-jaxp/3.8.0/camel-xml-jaxp-3.8.0-sources.jar
2021-02-20 08:42:18,880 [Worker-37: Download sources and javadoc] INFO  o.e.m.c.i.e.AbstractTransferListenerAdapter - Downloaded https://repo.maven.apache.org/maven2/org/apache/camel/camel-xml-jaxp/3.8.0/camel-xml-jaxp-3.8.0-sources.jar
2021-02-20 08:42:18,944 [Worker-37: Download sources and javadoc] INFO  o.e.m.j.internal.DownloadSourcesJob - Downloaded sources for org.apache.camel:camel-xml-jaxp:3.8.0
2021-02-20 08:42:19,057 [Worker-37: Download sources and javadoc] INFO  o.e.m.c.i.e.AbstractTransferListenerAdapter - Downloading https://repo.maven.apache.org/maven2/org/slf4j/slf4j-api/1.7.30/slf4j-api-1.7.30-sources.jar
2021-02-20 08:42:19,146 [Worker-37: Download sources and javadoc] INFO  o.e.m.c.i.e.AbstractTransferListenerAdapter - Downloaded https://repo.maven.apache.org/maven2/org/slf4j/slf4j-api/1.7.30/slf4j-api-1.7.30-sources.jar
2021-02-20 08:42:19,231 [Worker-37: Download sources and javadoc] INFO  o.e.m.j.internal.DownloadSourcesJob - Downloaded sources for org.slf4j:slf4j-api:1.7.30
2021-02-20 08:42:19,335 [Worker-37: Download sources and javadoc] INFO  o.e.m.c.i.e.AbstractTransferListenerAdapter - Downloaded https://repo.maven.apache.org/maven2/org/apache/camel/camel-core/3.8.0/camel-core-3.8.0-javadoc.jar
2021-02-20 08:42:19,345 [Worker-37: Download sources and javadoc] ERROR o.e.m.j.internal.DownloadSourcesJob - Could not download javadoc for org.apache.camel:camel-core:3.8.0
org.eclipse.core.runtime.CoreException: Could not resolve artifact org.apache.camel:camel-core:jar:javadoc:3.8.0
	at org.eclipse.m2e.core.internal.embedder.MavenImpl.lambda$4(MavenImpl.java:804)
	at org.eclipse.m2e.core.internal.embedder.MavenExecutionContext.executeBare(MavenExecutionContext.java:179)
	at org.eclipse.m2e.core.internal.embedder.MavenExecutionContext.execute(MavenExecutionContext.java:114)
	at org.eclipse.m2e.core.internal.embedder.MavenExecutionContext.execute(MavenExecutionContext.java:101)
	at org.eclipse.m2e.core.internal.embedder.MavenImpl.resolve(MavenImpl.java:772)
	at org.eclipse.m2e.core.internal.embedder.MavenImpl.resolve(MavenImpl.java:749)
	at org.eclipse.m2e.jdt.internal.DownloadSourcesJob.download(DownloadSourcesJob.java:330)
	at org.eclipse.m2e.jdt.internal.DownloadSourcesJob.downloadAttachments(DownloadSourcesJob.java:316)
	at org.eclipse.m2e.jdt.internal.DownloadSourcesJob.downloadMaven(DownloadSourcesJob.java:269)
	at org.eclipse.m2e.jdt.internal.DownloadSourcesJob.downloadFilesAndPopulateToUpdate(DownloadSourcesJob.java:233)
	at org.eclipse.m2e.jdt.internal.DownloadSourcesJob.lambda$0(DownloadSourcesJob.java:161)
	at org.eclipse.m2e.core.internal.embedder.MavenExecutionContext.executeBare(MavenExecutionContext.java:179)
	at org.eclipse.m2e.core.internal.embedder.MavenExecutionContext.execute(MavenExecutionContext.java:153)
	at org.eclipse.m2e.core.internal.embedder.MavenExecutionContext.execute(MavenExecutionContext.java:101)
	at org.eclipse.m2e.core.internal.embedder.MavenImpl.execute(MavenImpl.java:1374)
	at org.eclipse.m2e.jdt.internal.DownloadSourcesJob.run(DownloadSourcesJob.java:161)
	at org.eclipse.core.internal.jobs.Worker.run(Worker.java:63)
2021-02-20 08:42:19,359 [Worker-37: Download sources and javadoc] INFO  o.e.m.j.internal.DownloadSourcesJob - Downloaded sources for org.apache.camel:camel-core-engine:3.8.0
2021-02-20 08:42:19,367 [Worker-37: Download sources and javadoc] INFO  o.e.m.j.internal.DownloadSourcesJob - Downloaded sources for org.apache.camel:camel-api:3.8.0
2021-02-20 08:42:19,374 [Worker-37: Download sources and javadoc] INFO  o.e.m.j.internal.DownloadSourcesJob - Downloaded sources for org.apache.camel:camel-base-engine:3.8.0
2021-02-20 08:42:19,382 [Worker-37: Download sources and javadoc] INFO  o.e.m.j.internal.DownloadSourcesJob - Downloaded sources for org.apache.camel:camel-base:3.8.0
2021-02-20 08:42:19,389 [Worker-37: Download sources and javadoc] INFO  o.e.m.j.internal.DownloadSourcesJob - Downloaded sources for org.apache.camel:camel-core-reifier:3.8.0
2021-02-20 08:42:19,396 [Worker-37: Download sources and javadoc] INFO  o.e.m.j.internal.DownloadSourcesJob - Downloaded sources for org.apache.camel:camel-core-processor:3.8.0
2021-02-20 08:42:19,404 [Worker-37: Download sources and javadoc] INFO  o.e.m.j.internal.DownloadSourcesJob - Downloaded sources for org.apache.camel:camel-management-api:3.8.0
2021-02-20 08:42:19,411 [Worker-37: Download sources and javadoc] INFO  o.e.m.j.internal.DownloadSourcesJob - Downloaded sources for org.apache.camel:camel-support:3.8.0
2021-02-20 08:42:19,418 [Worker-37: Download sources and javadoc] INFO  o.e.m.j.internal.DownloadSourcesJob - Downloaded sources for org.apache.camel:camel-util:3.8.0
2021-02-20 08:42:19,425 [Worker-37: Download sources and javadoc] INFO  o.e.m.j.internal.DownloadSourcesJob - Downloaded sources for org.apache.camel:camel-core-languages:3.8.0
2021-02-20 08:42:19,432 [Worker-37: Download sources and javadoc] INFO  o.e.m.j.internal.DownloadSourcesJob - Downloaded sources for org.apache.camel:camel-bean:3.8.0
2021-02-20 08:42:19,440 [Worker-37: Download sources and javadoc] INFO  o.e.m.j.internal.DownloadSourcesJob - Downloaded sources for org.apache.camel:camel-browse:3.8.0
2021-02-20 08:42:19,448 [Worker-37: Download sources and javadoc] INFO  o.e.m.j.internal.DownloadSourcesJob - Downloaded sources for org.apache.camel:camel-cluster:3.8.0
2021-02-20 08:42:19,455 [Worker-37: Download sources and javadoc] INFO  o.e.m.j.internal.DownloadSourcesJob - Downloaded sources for org.apache.camel:camel-core-model:3.8.0
2021-02-20 08:42:19,463 [Worker-37: Download sources and javadoc] INFO  o.e.m.j.internal.DownloadSourcesJob - Downloaded sources for org.apache.camel:camel-controlbus:3.8.0
2021-02-20 08:42:19,470 [Worker-37: Download sources and javadoc] INFO  o.e.m.j.internal.DownloadSourcesJob - Downloaded sources for org.apache.camel:camel-dataformat:3.8.0
2021-02-20 08:42:19,477 [Worker-37: Download sources and javadoc] INFO  o.e.m.j.internal.DownloadSourcesJob - Downloaded sources for org.apache.camel:camel-dataset:3.8.0
2021-02-20 08:42:19,485 [Worker-37: Download sources and javadoc] INFO  o.e.m.j.internal.DownloadSourcesJob - Downloaded sources for org.apache.camel:camel-direct:3.8.0
2021-02-20 08:42:19,494 [Worker-37: Download sources and javadoc] INFO  o.e.m.j.internal.DownloadSourcesJob - Downloaded sources for org.apache.camel:camel-directvm:3.8.0
2021-02-20 08:42:19,501 [Worker-37: Download sources and javadoc] INFO  o.e.m.j.internal.DownloadSourcesJob - Downloaded sources for org.apache.camel:camel-file:3.8.0
2021-02-20 08:42:19,509 [Worker-37: Download sources and javadoc] INFO  o.e.m.j.internal.DownloadSourcesJob - Downloaded sources for org.apache.camel:camel-health:3.8.0
2021-02-20 08:42:19,516 [Worker-37: Download sources and javadoc] INFO  o.e.m.j.internal.DownloadSourcesJob - Downloaded sources for org.apache.camel:camel-language:3.8.0
2021-02-20 08:42:19,524 [Worker-37: Download sources and javadoc] INFO  o.e.m.j.internal.DownloadSourcesJob - Downloaded sources for org.apache.camel:camel-log:3.8.0
2021-02-20 08:42:19,531 [Worker-37: Download sources and javadoc] INFO  o.e.m.j.internal.DownloadSourcesJob - Downloaded sources for org.apache.camel:camel-mock:3.8.0
2021-02-20 08:42:19,539 [Worker-37: Download sources and javadoc] INFO  o.e.m.j.internal.DownloadSourcesJob - Downloaded sources for org.apache.camel:camel-ref:3.8.0
2021-02-20 08:42:19,546 [Worker-37: Download sources and javadoc] INFO  o.e.m.j.internal.DownloadSourcesJob - Downloaded sources for org.apache.camel:camel-rest:3.8.0
2021-02-20 08:42:19,553 [Worker-37: Download sources and javadoc] INFO  o.e.m.j.internal.DownloadSourcesJob - Downloaded sources for org.apache.camel:camel-tooling-model:3.8.0
2021-02-20 08:42:19,559 [Worker-37: Download sources and javadoc] INFO  o.e.m.j.internal.DownloadSourcesJob - Downloaded sources for org.apache.camel:camel-util-json:3.8.0
2021-02-20 08:42:19,566 [Worker-37: Download sources and javadoc] INFO  o.e.m.j.internal.DownloadSourcesJob - Downloaded sources for org.apache.camel:camel-saga:3.8.0
2021-02-20 08:42:19,573 [Worker-37: Download sources and javadoc] INFO  o.e.m.j.internal.DownloadSourcesJob - Downloaded sources for org.apache.camel:camel-scheduler:3.8.0
2021-02-20 08:42:19,580 [Worker-37: Download sources and javadoc] INFO  o.e.m.j.internal.DownloadSourcesJob - Downloaded sources for org.apache.camel:camel-seda:3.8.0
2021-02-20 08:42:19,587 [Worker-37: Download sources and javadoc] INFO  o.e.m.j.internal.DownloadSourcesJob - Downloaded sources for org.apache.camel:camel-stub:3.8.0
2021-02-20 08:42:19,594 [Worker-37: Download sources and javadoc] INFO  o.e.m.j.internal.DownloadSourcesJob - Downloaded sources for org.apache.camel:camel-timer:3.8.0
2021-02-20 08:42:19,606 [Worker-37: Download sources and javadoc] INFO  o.e.m.j.internal.DownloadSourcesJob - Downloaded sources for org.apache.camel:camel-validator:3.8.0
2021-02-20 08:42:19,619 [Worker-37: Download sources and javadoc] INFO  o.e.m.j.internal.DownloadSourcesJob - Downloaded sources for org.apache.camel:camel-vm:3.8.0
2021-02-20 08:42:19,632 [Worker-37: Download sources and javadoc] INFO  o.e.m.j.internal.DownloadSourcesJob - Downloaded sources for org.apache.camel:camel-xpath:3.8.0
2021-02-20 08:42:19,645 [Worker-37: Download sources and javadoc] INFO  o.e.m.j.internal.DownloadSourcesJob - Downloaded sources for org.apache.camel:camel-xslt:3.8.0
2021-02-20 08:42:19,658 [Worker-37: Download sources and javadoc] INFO  o.e.m.j.internal.DownloadSourcesJob - Downloaded sources for org.apache.camel:camel-xml-jaxb:3.8.0
2021-02-20 08:42:19,671 [Worker-37: Download sources and javadoc] INFO  o.e.m.j.internal.DownloadSourcesJob - Downloaded sources for jakarta.xml.bind:jakarta.xml.bind-api:2.3.3
2021-02-20 08:42:19,684 [Worker-37: Download sources and javadoc] INFO  o.e.m.j.internal.DownloadSourcesJob - Downloaded sources for jakarta.activation:jakarta.activation-api:1.2.2
2021-02-20 08:42:19,698 [Worker-37: Download sources and javadoc] INFO  o.e.m.j.internal.DownloadSourcesJob - Downloaded sources for com.sun.xml.bind:jaxb-core:2.3.0
2021-02-20 08:42:19,711 [Worker-37: Download sources and javadoc] INFO  o.e.m.j.internal.DownloadSourcesJob - Downloaded sources for com.sun.xml.bind:jaxb-impl:2.3.3
2021-02-20 08:42:19,724 [Worker-37: Download sources and javadoc] INFO  o.e.m.j.internal.DownloadSourcesJob - Downloaded sources for com.sun.activation:jakarta.activation:1.2.2
2021-02-20 08:42:19,737 [Worker-37: Download sources and javadoc] INFO  o.e.m.j.internal.DownloadSourcesJob - Downloaded sources for org.apache.camel:camel-xml-jaxp:3.8.0
2021-02-20 08:42:19,750 [Worker-37: Download sources and javadoc] INFO  o.e.m.j.internal.DownloadSourcesJob - Downloaded sources for org.slf4j:slf4j-api:1.7.30
2021-02-20 08:42:19,766 [Worker-37: Download sources and javadoc] INFO  o.e.m.j.internal.DownloadSourcesJob - Downloaded sources for org.apache.camel:camel-core-engine:3.8.0
2021-02-20 08:42:19,778 [Worker-37: Download sources and javadoc] INFO  o.e.m.j.internal.DownloadSourcesJob - Downloaded sources for org.apache.camel:camel-api:3.8.0
2021-02-20 08:42:19,790 [Worker-37: Download sources and javadoc] INFO  o.e.m.j.internal.DownloadSourcesJob - Downloaded sources for org.apache.camel:camel-base-engine:3.8.0
2021-02-20 08:42:19,801 [Worker-37: Download sources and javadoc] INFO  o.e.m.j.internal.DownloadSourcesJob - Downloaded sources for org.apache.camel:camel-base:3.8.0
2021-02-20 08:42:19,813 [Worker-37: Download sources and javadoc] INFO  o.e.m.j.internal.DownloadSourcesJob - Downloaded sources for org.apache.camel:camel-core-reifier:3.8.0
2021-02-20 08:42:19,825 [Worker-37: Download sources and javadoc] INFO  o.e.m.j.internal.DownloadSourcesJob - Downloaded sources for org.apache.camel:camel-core-processor:3.8.0
2021-02-20 08:42:19,837 [Worker-37: Download sources and javadoc] INFO  o.e.m.j.internal.DownloadSourcesJob - Downloaded sources for org.apache.camel:camel-management-api:3.8.0
2021-02-20 08:42:19,846 [Worker-37: Download sources and javadoc] INFO  o.e.m.j.internal.DownloadSourcesJob - Downloaded sources for org.apache.camel:camel-support:3.8.0
2021-02-20 08:42:19,854 [Worker-37: Download sources and javadoc] INFO  o.e.m.j.internal.DownloadSourcesJob - Downloaded sources for org.apache.camel:camel-util:3.8.0
2021-02-20 08:42:19,860 [Worker-37: Download sources and javadoc] INFO  o.e.m.j.internal.DownloadSourcesJob - Downloaded sources for org.apache.camel:camel-core-languages:3.8.0
2021-02-20 08:42:19,867 [Worker-37: Download sources and javadoc] INFO  o.e.m.j.internal.DownloadSourcesJob - Downloaded sources for org.apache.camel:camel-bean:3.8.0
2021-02-20 08:42:19,874 [Worker-37: Download sources and javadoc] INFO  o.e.m.j.internal.DownloadSourcesJob - Downloaded sources for org.apache.camel:camel-browse:3.8.0
2021-02-20 08:42:19,880 [Worker-37: Download sources and javadoc] INFO  o.e.m.j.internal.DownloadSourcesJob - Downloaded sources for org.apache.camel:camel-cluster:3.8.0
2021-02-20 08:42:19,887 [Worker-37: Download sources and javadoc] INFO  o.e.m.j.internal.DownloadSourcesJob - Downloaded sources for org.apache.camel:camel-core-model:3.8.0
2021-02-20 08:42:19,894 [Worker-37: Download sources and javadoc] INFO  o.e.m.j.internal.DownloadSourcesJob - Downloaded sources for org.apache.camel:camel-controlbus:3.8.0
2021-02-20 08:42:19,901 [Worker-37: Download sources and javadoc] INFO  o.e.m.j.internal.DownloadSourcesJob - Downloaded sources for org.apache.camel:camel-dataformat:3.8.0
2021-02-20 08:42:19,908 [Worker-37: Download sources and javadoc] INFO  o.e.m.j.internal.DownloadSourcesJob - Downloaded sources for org.apache.camel:camel-dataset:3.8.0
2021-02-20 08:42:19,914 [Worker-37: Download sources and javadoc] INFO  o.e.m.j.internal.DownloadSourcesJob - Downloaded sources for org.apache.camel:camel-direct:3.8.0
2021-02-20 08:42:19,921 [Worker-37: Download sources and javadoc] INFO  o.e.m.j.internal.DownloadSourcesJob - Downloaded sources for org.apache.camel:camel-directvm:3.8.0
2021-02-20 08:42:19,927 [Worker-37: Download sources and javadoc] INFO  o.e.m.j.internal.DownloadSourcesJob - Downloaded sources for org.apache.camel:camel-file:3.8.0
2021-02-20 08:42:19,933 [Worker-37: Download sources and javadoc] INFO  o.e.m.j.internal.DownloadSourcesJob - Downloaded sources for org.apache.camel:camel-health:3.8.0
2021-02-20 08:42:19,939 [Worker-37: Download sources and javadoc] INFO  o.e.m.j.internal.DownloadSourcesJob - Downloaded sources for org.apache.camel:camel-language:3.8.0
2021-02-20 08:42:19,945 [Worker-37: Download sources and javadoc] INFO  o.e.m.j.internal.DownloadSourcesJob - Downloaded sources for org.apache.camel:camel-log:3.8.0
2021-02-20 08:42:19,951 [Worker-37: Download sources and javadoc] INFO  o.e.m.j.internal.DownloadSourcesJob - Downloaded sources for org.apache.camel:camel-mock:3.8.0
2021-02-20 08:42:19,957 [Worker-37: Download sources and javadoc] INFO  o.e.m.j.internal.DownloadSourcesJob - Downloaded sources for org.apache.camel:camel-ref:3.8.0
2021-02-20 08:42:19,963 [Worker-37: Download sources and javadoc] INFO  o.e.m.j.internal.DownloadSourcesJob - Downloaded sources for org.apache.camel:camel-rest:3.8.0
2021-02-20 08:42:19,969 [Worker-37: Download sources and javadoc] INFO  o.e.m.j.internal.DownloadSourcesJob - Downloaded sources for org.apache.camel:camel-tooling-model:3.8.0
2021-02-20 08:42:19,976 [Worker-37: Download sources and javadoc] INFO  o.e.m.j.internal.DownloadSourcesJob - Downloaded sources for org.apache.camel:camel-util-json:3.8.0
2021-02-20 08:42:19,982 [Worker-37: Download sources and javadoc] INFO  o.e.m.j.internal.DownloadSourcesJob - Downloaded sources for org.apache.camel:camel-saga:3.8.0
2021-02-20 08:42:19,988 [Worker-37: Download sources and javadoc] INFO  o.e.m.j.internal.DownloadSourcesJob - Downloaded sources for org.apache.camel:camel-scheduler:3.8.0
2021-02-20 08:42:19,995 [Worker-37: Download sources and javadoc] INFO  o.e.m.j.internal.DownloadSourcesJob - Downloaded sources for org.apache.camel:camel-seda:3.8.0
2021-02-20 08:42:20,001 [Worker-37: Download sources and javadoc] INFO  o.e.m.j.internal.DownloadSourcesJob - Downloaded sources for org.apache.camel:camel-stub:3.8.0
2021-02-20 08:42:20,007 [Worker-37: Download sources and javadoc] INFO  o.e.m.j.internal.DownloadSourcesJob - Downloaded sources for org.apache.camel:camel-timer:3.8.0
2021-02-20 08:42:20,013 [Worker-37: Download sources and javadoc] INFO  o.e.m.j.internal.DownloadSourcesJob - Downloaded sources for org.apache.camel:camel-validator:3.8.0
2021-02-20 08:42:20,020 [Worker-37: Download sources and javadoc] INFO  o.e.m.j.internal.DownloadSourcesJob - Downloaded sources for org.apache.camel:camel-vm:3.8.0
2021-02-20 08:42:20,025 [Worker-37: Download sources and javadoc] INFO  o.e.m.j.internal.DownloadSourcesJob - Downloaded sources for org.apache.camel:camel-xpath:3.8.0
2021-02-20 08:42:20,032 [Worker-37: Download sources and javadoc] INFO  o.e.m.j.internal.DownloadSourcesJob - Downloaded sources for org.apache.camel:camel-xslt:3.8.0
2021-02-20 08:42:20,038 [Worker-37: Download sources and javadoc] INFO  o.e.m.j.internal.DownloadSourcesJob - Downloaded sources for org.apache.camel:camel-xml-jaxb:3.8.0
2021-02-20 08:42:20,045 [Worker-37: Download sources and javadoc] INFO  o.e.m.j.internal.DownloadSourcesJob - Downloaded sources for jakarta.xml.bind:jakarta.xml.bind-api:2.3.3
2021-02-20 08:42:20,052 [Worker-37: Download sources and javadoc] INFO  o.e.m.j.internal.DownloadSourcesJob - Downloaded sources for jakarta.activation:jakarta.activation-api:1.2.2
2021-02-20 08:42:20,058 [Worker-37: Download sources and javadoc] INFO  o.e.m.j.internal.DownloadSourcesJob - Downloaded sources for com.sun.xml.bind:jaxb-core:2.3.0
2021-02-20 08:42:20,065 [Worker-37: Download sources and javadoc] INFO  o.e.m.j.internal.DownloadSourcesJob - Downloaded sources for com.sun.xml.bind:jaxb-impl:2.3.3
2021-02-20 08:42:20,072 [Worker-37: Download sources and javadoc] INFO  o.e.m.j.internal.DownloadSourcesJob - Downloaded sources for com.sun.activation:jakarta.activation:1.2.2
2021-02-20 08:42:20,079 [Worker-37: Download sources and javadoc] INFO  o.e.m.j.internal.DownloadSourcesJob - Downloaded sources for org.apache.camel:camel-xml-jaxp:3.8.0
2021-02-20 08:42:20,085 [Worker-37: Download sources and javadoc] INFO  o.e.m.j.internal.DownloadSourcesJob - Downloaded sources for org.slf4j:slf4j-api:1.7.30
2021-02-20 08:42:20,093 [Worker-37: Download sources and javadoc] INFO  o.e.m.j.internal.DownloadSourcesJob - Downloaded sources for org.apache.camel:camel-core-engine:3.8.0
2021-02-20 08:42:20,100 [Worker-37: Download sources and javadoc] INFO  o.e.m.j.internal.DownloadSourcesJob - Downloaded sources for org.apache.camel:camel-api:3.8.0
2021-02-20 08:42:20,107 [Worker-37: Download sources and javadoc] INFO  o.e.m.j.internal.DownloadSourcesJob - Downloaded sources for org.apache.camel:camel-base-engine:3.8.0
2021-02-20 08:42:20,113 [Worker-37: Download sources and javadoc] INFO  o.e.m.j.internal.DownloadSourcesJob - Downloaded sources for org.apache.camel:camel-base:3.8.0
2021-02-20 08:42:20,120 [Worker-37: Download sources and javadoc] INFO  o.e.m.j.internal.DownloadSourcesJob - Downloaded sources for org.apache.camel:camel-core-reifier:3.8.0
2021-02-20 08:42:20,127 [Worker-37: Download sources and javadoc] INFO  o.e.m.j.internal.DownloadSourcesJob - Downloaded sources for org.apache.camel:camel-core-processor:3.8.0
2021-02-20 08:42:20,133 [Worker-37: Download sources and javadoc] INFO  o.e.m.j.internal.DownloadSourcesJob - Downloaded sources for org.apache.camel:camel-management-api:3.8.0
2021-02-20 08:42:20,140 [Worker-37: Download sources and javadoc] INFO  o.e.m.j.internal.DownloadSourcesJob - Downloaded sources for org.apache.camel:camel-support:3.8.0
2021-02-20 08:42:20,146 [Worker-37: Download sources and javadoc] INFO  o.e.m.j.internal.DownloadSourcesJob - Downloaded sources for org.apache.camel:camel-util:3.8.0
2021-02-20 08:42:20,153 [Worker-37: Download sources and javadoc] INFO  o.e.m.j.internal.DownloadSourcesJob - Downloaded sources for org.apache.camel:camel-core-languages:3.8.0
2021-02-20 08:42:20,160 [Worker-37: Download sources and javadoc] INFO  o.e.m.j.internal.DownloadSourcesJob - Downloaded sources for org.apache.camel:camel-bean:3.8.0
2021-02-20 08:42:20,166 [Worker-37: Download sources and javadoc] INFO  o.e.m.j.internal.DownloadSourcesJob - Downloaded sources for org.apache.camel:camel-browse:3.8.0
2021-02-20 08:42:20,172 [Worker-37: Download sources and javadoc] INFO  o.e.m.j.internal.DownloadSourcesJob - Downloaded sources for org.apache.camel:camel-cluster:3.8.0
2021-02-20 08:42:20,178 [Worker-37: Download sources and javadoc] INFO  o.e.m.j.internal.DownloadSourcesJob - Downloaded sources for org.apache.camel:camel-core-model:3.8.0
2021-02-20 08:42:20,185 [Worker-37: Download sources and javadoc] INFO  o.e.m.j.internal.DownloadSourcesJob - Downloaded sources for org.apache.camel:camel-controlbus:3.8.0
2021-02-20 08:42:20,191 [Worker-37: Download sources and javadoc] INFO  o.e.m.j.internal.DownloadSourcesJob - Downloaded sources for org.apache.camel:camel-dataformat:3.8.0
2021-02-20 08:42:20,198 [Worker-37: Download sources and javadoc] INFO  o.e.m.j.internal.DownloadSourcesJob - Downloaded sources for org.apache.camel:camel-dataset:3.8.0
2021-02-20 08:42:20,204 [Worker-37: Download sources and javadoc] INFO  o.e.m.j.internal.DownloadSourcesJob - Downloaded sources for org.apache.camel:camel-direct:3.8.0
2021-02-20 08:42:20,211 [Worker-37: Download sources and javadoc] INFO  o.e.m.j.internal.DownloadSourcesJob - Downloaded sources for org.apache.camel:camel-directvm:3.8.0
2021-02-20 08:42:20,218 [Worker-37: Download sources and javadoc] INFO  o.e.m.j.internal.DownloadSourcesJob - Downloaded sources for org.apache.camel:camel-file:3.8.0
2021-02-20 08:42:20,224 [Worker-37: Download sources and javadoc] INFO  o.e.m.j.internal.DownloadSourcesJob - Downloaded sources for org.apache.camel:camel-health:3.8.0
2021-02-20 08:42:20,231 [Worker-37: Download sources and javadoc] INFO  o.e.m.j.internal.DownloadSourcesJob - Downloaded sources for org.apache.camel:camel-language:3.8.0
2021-02-20 08:42:20,237 [Worker-37: Download sources and javadoc] INFO  o.e.m.j.internal.DownloadSourcesJob - Downloaded sources for org.apache.camel:camel-log:3.8.0
2021-02-20 08:42:20,244 [Worker-37: Download sources and javadoc] INFO  o.e.m.j.internal.DownloadSourcesJob - Downloaded sources for org.apache.camel:camel-mock:3.8.0
2021-02-20 08:42:20,252 [Worker-37: Download sources and javadoc] INFO  o.e.m.j.internal.DownloadSourcesJob - Downloaded sources for org.apache.camel:camel-ref:3.8.0
2021-02-20 08:42:20,258 [Worker-37: Download sources and javadoc] INFO  o.e.m.j.internal.DownloadSourcesJob - Downloaded sources for org.apache.camel:camel-rest:3.8.0
2021-02-20 08:42:20,265 [Worker-37: Download sources and javadoc] INFO  o.e.m.j.internal.DownloadSourcesJob - Downloaded sources for org.apache.camel:camel-tooling-model:3.8.0
2021-02-20 08:42:20,271 [Worker-37: Download sources and javadoc] INFO  o.e.m.j.internal.DownloadSourcesJob - Downloaded sources for org.apache.camel:camel-util-json:3.8.0
2021-02-20 08:42:20,277 [Worker-37: Download sources and javadoc] INFO  o.e.m.j.internal.DownloadSourcesJob - Downloaded sources for org.apache.camel:camel-saga:3.8.0
2021-02-20 08:42:20,283 [Worker-37: Download sources and javadoc] INFO  o.e.m.j.internal.DownloadSourcesJob - Downloaded sources for org.apache.camel:camel-scheduler:3.8.0
2021-02-20 08:42:20,290 [Worker-37: Download sources and javadoc] INFO  o.e.m.j.internal.DownloadSourcesJob - Downloaded sources for org.apache.camel:camel-seda:3.8.0
2021-02-20 08:42:20,296 [Worker-37: Download sources and javadoc] INFO  o.e.m.j.internal.DownloadSourcesJob - Downloaded sources for org.apache.camel:camel-stub:3.8.0
2021-02-20 08:42:20,302 [Worker-37: Download sources and javadoc] INFO  o.e.m.j.internal.DownloadSourcesJob - Downloaded sources for org.apache.camel:camel-timer:3.8.0
2021-02-20 08:42:20,308 [Worker-37: Download sources and javadoc] INFO  o.e.m.j.internal.DownloadSourcesJob - Downloaded sources for org.apache.camel:camel-validator:3.8.0
2021-02-20 08:42:20,315 [Worker-37: Download sources and javadoc] INFO  o.e.m.j.internal.DownloadSourcesJob - Downloaded sources for org.apache.camel:camel-vm:3.8.0
2021-02-20 08:42:20,321 [Worker-37: Download sources and javadoc] INFO  o.e.m.j.internal.DownloadSourcesJob - Downloaded sources for org.apache.camel:camel-xpath:3.8.0
2021-02-20 08:42:20,327 [Worker-37: Download sources and javadoc] INFO  o.e.m.j.internal.DownloadSourcesJob - Downloaded sources for org.apache.camel:camel-xslt:3.8.0
2021-02-20 08:42:20,333 [Worker-37: Download sources and javadoc] INFO  o.e.m.j.internal.DownloadSourcesJob - Downloaded sources for org.apache.camel:camel-xml-jaxb:3.8.0
2021-02-20 08:42:20,339 [Worker-37: Download sources and javadoc] INFO  o.e.m.j.internal.DownloadSourcesJob - Downloaded sources for jakarta.xml.bind:jakarta.xml.bind-api:2.3.3
2021-02-20 08:42:20,345 [Worker-37: Download sources and javadoc] INFO  o.e.m.j.internal.DownloadSourcesJob - Downloaded sources for jakarta.activation:jakarta.activation-api:1.2.2
2021-02-20 08:42:20,351 [Worker-37: Download sources and javadoc] INFO  o.e.m.j.internal.DownloadSourcesJob - Downloaded sources for com.sun.xml.bind:jaxb-core:2.3.0
2021-02-20 08:42:20,358 [Worker-37: Download sources and javadoc] INFO  o.e.m.j.internal.DownloadSourcesJob - Downloaded sources for com.sun.xml.bind:jaxb-impl:2.3.3
2021-02-20 08:42:20,365 [Worker-37: Download sources and javadoc] INFO  o.e.m.j.internal.DownloadSourcesJob - Downloaded sources for com.sun.activation:jakarta.activation:1.2.2
2021-02-20 08:42:20,371 [Worker-37: Download sources and javadoc] INFO  o.e.m.j.internal.DownloadSourcesJob - Downloaded sources for org.apache.camel:camel-xml-jaxp:3.8.0
2021-02-20 08:42:20,377 [Worker-37: Download sources and javadoc] INFO  o.e.m.j.internal.DownloadSourcesJob - Downloaded sources for org.slf4j:slf4j-api:1.7.30
2021-02-20 08:42:20,607 [Worker-14: Building] WARN  o.e.m.c.i.embedder.EclipseLogger - Using platform encoding (Cp1252 actually) to copy filtered resources, i.e. build is platform dependent!
2021-02-20 08:42:20,614 [Worker-14: Building] INFO  o.e.m.c.i.embedder.EclipseLogger - Copying 0 resource
2021-02-20 08:42:20,616 [Worker-14: Building] WARN  o.e.m.c.i.embedder.EclipseLogger - Using platform encoding (Cp1252 actually) to copy filtered resources, i.e. build is platform dependent!
2021-02-20 08:42:20,622 [Worker-14: Building] INFO  o.e.m.c.i.embedder.EclipseLogger - Copying 0 resource
2021-02-20 09:01:15,506 [Worker-45: Building] WARN  o.e.m.c.i.embedder.EclipseLogger - Using platform encoding (Cp1252 actually) to copy filtered resources, i.e. build is platform dependent!
2021-02-20 09:01:15,514 [Worker-45: Building] INFO  o.e.m.c.i.embedder.EclipseLogger - Copying 0 resource
2021-02-20 09:01:15,515 [Worker-45: Building] WARN  o.e.m.c.i.embedder.EclipseLogger - Using platform encoding (Cp1252 actually) to copy filtered resources, i.e. build is platform dependent!
2021-02-20 09:01:15,523 [Worker-45: Building] INFO  o.e.m.c.i.embedder.EclipseLogger - Copying 0 resource
2021-02-20 09:10:45,182 [Worker-48: Launching FileCopy] WARN  o.e.m.c.i.embedder.EclipseLogger - Using platform encoding (Cp1252 actually) to copy filtered resources, i.e. build is platform dependent!
2021-02-20 09:10:45,190 [Worker-48: Launching FileCopy] INFO  o.e.m.c.i.embedder.EclipseLogger - Copying 0 resource
2021-02-20 09:10:45,191 [Worker-48: Launching FileCopy] WARN  o.e.m.c.i.embedder.EclipseLogger - Using platform encoding (Cp1252 actually) to copy filtered resources, i.e. build is platform dependent!
2021-02-20 09:10:45,198 [Worker-48: Launching FileCopy] INFO  o.e.m.c.i.embedder.EclipseLogger - Copying 0 resource
2021-02-20 09:12:58,970 [Worker-51: Launching FileCopy] WARN  o.e.m.c.i.embedder.EclipseLogger - Using platform encoding (Cp1252 actually) to copy filtered resources, i.e. build is platform dependent!
2021-02-20 09:12:58,979 [Worker-51: Launching FileCopy] INFO  o.e.m.c.i.embedder.EclipseLogger - Copying 0 resource
2021-02-20 09:12:58,981 [Worker-51: Launching FileCopy] WARN  o.e.m.c.i.embedder.EclipseLogger - Using platform encoding (Cp1252 actually) to copy filtered resources, i.e. build is platform dependent!
2021-02-20 09:12:58,987 [Worker-51: Launching FileCopy] INFO  o.e.m.c.i.embedder.EclipseLogger - Copying 0 resource
2021-02-20 09:15:01,656 [Worker-53: Building] WARN  o.e.m.c.i.embedder.EclipseLogger - Using platform encoding (Cp1252 actually) to copy filtered resources, i.e. build is platform dependent!
2021-02-20 09:15:01,666 [Worker-53: Building] INFO  o.e.m.c.i.embedder.EclipseLogger - Copying 0 resource
2021-02-20 09:15:01,668 [Worker-53: Building] WARN  o.e.m.c.i.embedder.EclipseLogger - Using platform encoding (Cp1252 actually) to copy filtered resources, i.e. build is platform dependent!
2021-02-20 09:15:01,677 [Worker-53: Building] INFO  o.e.m.c.i.embedder.EclipseLogger - Copying 0 resource
2021-02-20 09:15:08,497 [Worker-55: Building] WARN  o.e.m.c.i.embedder.EclipseLogger - Using platform encoding (Cp1252 actually) to copy filtered resources, i.e. build is platform dependent!
2021-02-20 09:15:08,504 [Worker-55: Building] INFO  o.e.m.c.i.embedder.EclipseLogger - Copying 0 resource
2021-02-20 09:15:08,506 [Worker-55: Building] WARN  o.e.m.c.i.embedder.EclipseLogger - Using platform encoding (Cp1252 actually) to copy filtered resources, i.e. build is platform dependent!
2021-02-20 09:15:08,512 [Worker-55: Building] INFO  o.e.m.c.i.embedder.EclipseLogger - Copying 0 resource
2021-02-20 09:15:21,453 [Worker-51: Building] WARN  o.e.m.c.i.embedder.EclipseLogger - Using platform encoding (Cp1252 actually) to copy filtered resources, i.e. build is platform dependent!
2021-02-20 09:15:21,461 [Worker-51: Building] INFO  o.e.m.c.i.embedder.EclipseLogger - Copying 0 resource
2021-02-20 09:15:21,462 [Worker-51: Building] WARN  o.e.m.c.i.embedder.EclipseLogger - Using platform encoding (Cp1252 actually) to copy filtered resources, i.e. build is platform dependent!
2021-02-20 09:15:21,469 [Worker-51: Building] INFO  o.e.m.c.i.embedder.EclipseLogger - Copying 0 resource
2021-02-20 09:15:32,338 [Worker-55: Building] WARN  o.e.m.c.i.embedder.EclipseLogger - Using platform encoding (Cp1252 actually) to copy filtered resources, i.e. build is platform dependent!
2021-02-20 09:15:32,344 [Worker-55: Building] INFO  o.e.m.c.i.embedder.EclipseLogger - Copying 0 resource
2021-02-20 09:15:32,346 [Worker-55: Building] WARN  o.e.m.c.i.embedder.EclipseLogger - Using platform encoding (Cp1252 actually) to copy filtered resources, i.e. build is platform dependent!
2021-02-20 09:15:32,353 [Worker-55: Building] INFO  o.e.m.c.i.embedder.EclipseLogger - Copying 0 resource
2021-02-20 09:16:53,840 [Worker-54: Building] WARN  o.e.m.c.i.embedder.EclipseLogger - Using platform encoding (Cp1252 actually) to copy filtered resources, i.e. build is platform dependent!
2021-02-20 09:16:53,847 [Worker-54: Building] INFO  o.e.m.c.i.embedder.EclipseLogger - Copying 0 resource
2021-02-20 09:16:53,849 [Worker-54: Building] WARN  o.e.m.c.i.embedder.EclipseLogger - Using platform encoding (Cp1252 actually) to copy filtered resources, i.e. build is platform dependent!
2021-02-20 09:16:53,855 [Worker-54: Building] INFO  o.e.m.c.i.embedder.EclipseLogger - Copying 0 resource
2021-02-20 09:18:20,251 [Worker-54: Building] WARN  o.e.m.c.i.embedder.EclipseLogger - Using platform encoding (Cp1252 actually) to copy filtered resources, i.e. build is platform dependent!
2021-02-20 09:18:20,262 [Worker-54: Building] INFO  o.e.m.c.i.embedder.EclipseLogger - Copying 0 resource
2021-02-20 09:18:20,265 [Worker-54: Building] WARN  o.e.m.c.i.embedder.EclipseLogger - Using platform encoding (Cp1252 actually) to copy filtered resources, i.e. build is platform dependent!
2021-02-20 09:18:20,274 [Worker-54: Building] INFO  o.e.m.c.i.embedder.EclipseLogger - Copying 0 resource
2021-02-20 09:19:27,612 [Worker-55: Building] WARN  o.e.m.c.i.embedder.EclipseLogger - Using platform encoding (Cp1252 actually) to copy filtered resources, i.e. build is platform dependent!
2021-02-20 09:19:27,624 [Worker-55: Building] INFO  o.e.m.c.i.embedder.EclipseLogger - Copying 0 resource
2021-02-20 09:19:27,625 [Worker-55: Building] WARN  o.e.m.c.i.embedder.EclipseLogger - Using platform encoding (Cp1252 actually) to copy filtered resources, i.e. build is platform dependent!
2021-02-20 09:19:27,634 [Worker-55: Building] INFO  o.e.m.c.i.embedder.EclipseLogger - Copying 0 resource
2021-02-20 09:32:15,168 [Worker-59: Building] WARN  o.e.m.c.i.embedder.EclipseLogger - Using platform encoding (Cp1252 actually) to copy filtered resources, i.e. build is platform dependent!
2021-02-20 09:32:15,178 [Worker-59: Building] INFO  o.e.m.c.i.embedder.EclipseLogger - Copying 0 resource
2021-02-20 09:32:15,181 [Worker-59: Building] WARN  o.e.m.c.i.embedder.EclipseLogger - Using platform encoding (Cp1252 actually) to copy filtered resources, i.e. build is platform dependent!
2021-02-20 09:32:15,189 [Worker-59: Building] INFO  o.e.m.c.i.embedder.EclipseLogger - Copying 0 resource
2021-02-20 10:13:54,316 [Worker-71: Launching ProduceAndConsumeExample] WARN  o.e.m.c.i.embedder.EclipseLogger - Using platform encoding (Cp1252 actually) to copy filtered resources, i.e. build is platform dependent!
2021-02-20 10:13:54,323 [Worker-71: Launching ProduceAndConsumeExample] INFO  o.e.m.c.i.embedder.EclipseLogger - Copying 0 resource
2021-02-20 10:13:54,325 [Worker-71: Launching ProduceAndConsumeExample] WARN  o.e.m.c.i.embedder.EclipseLogger - Using platform encoding (Cp1252 actually) to copy filtered resources, i.e. build is platform dependent!
2021-02-20 10:13:54,332 [Worker-71: Launching ProduceAndConsumeExample] INFO  o.e.m.c.i.embedder.EclipseLogger - Copying 0 resource
2021-02-20 10:14:25,090 [Worker-67: Launching ProduceAndConsumeExample] WARN  o.e.m.c.i.embedder.EclipseLogger - Using platform encoding (Cp1252 actually) to copy filtered resources, i.e. build is platform dependent!
2021-02-20 10:14:25,097 [Worker-67: Launching ProduceAndConsumeExample] INFO  o.e.m.c.i.embedder.EclipseLogger - Copying 0 resource
2021-02-20 10:14:25,098 [Worker-67: Launching ProduceAndConsumeExample] WARN  o.e.m.c.i.embedder.EclipseLogger - Using platform encoding (Cp1252 actually) to copy filtered resources, i.e. build is platform dependent!
2021-02-20 10:14:25,105 [Worker-67: Launching ProduceAndConsumeExample] INFO  o.e.m.c.i.embedder.EclipseLogger - Copying 0 resource
